<?xml version='1.0'?>
<ns2:test-suite xmlns:ns2='urn:model.allure.qatools.yandex.ru' start='1546789438846' stop='1546789465524'>
    <name>Main page</name>
    <title>Main page</title>
    <test-cases>
        <test-case start='1546789438847' status='failed' stop='1546789449914'>
            <name>should have title of Test Title</name>
            <title>should have title of Test Title</title>
            <labels/>
            <parameters/>
            <steps/>
            <attachments/>
            <failure>
                <message>TypeError: Cannot read property 'createAttachment' of undefined</message>
                <stack-trace>TypeError: Cannot read property 'createAttachment' of undefined
                    at /Users/inzmam/Documents/e2e-istanbul-master/conf.ts:38:16
                    at ManagedPromise.invokeCallback_ (/Users/inzmam/Documents/e2e-istanbul-master/node_modules/selenium-webdriver/lib/promise.js:1376:14)
                    at TaskQueue.execute_ (/Users/inzmam/Documents/e2e-istanbul-master/node_modules/selenium-webdriver/lib/promise.js:3084:14)
                    at TaskQueue.executeNext_ (/Users/inzmam/Documents/e2e-istanbul-master/node_modules/selenium-webdriver/lib/promise.js:3067:27)
                    at asyncRun (/Users/inzmam/Documents/e2e-istanbul-master/node_modules/selenium-webdriver/lib/promise.js:2927:27)
                    at /Users/inzmam/Documents/e2e-istanbul-master/node_modules/selenium-webdriver/lib/promise.js:668:7
                    at process._tickCallback (internal/process/next_tick.js:68:7)</stack-trace>
            </failure>
        </test-case>
        <test-case start='1546789449915' status='failed' stop='1546789465524'>
            <name>should show extra div when clicking on link</name>
            <title>should show extra div when clicking on link</title>
            <labels/>
            <parameters/>
            <steps/>
            <attachments/>
            <failure>
                <message>TypeError: Cannot read property 'createAttachment' of undefined</message>
                <stack-trace>TypeError: Cannot read property 'createAttachment' of undefined
                    at /Users/inzmam/Documents/e2e-istanbul-master/conf.ts:38:16
                    at ManagedPromise.invokeCallback_ (/Users/inzmam/Documents/e2e-istanbul-master/node_modules/selenium-webdriver/lib/promise.js:1376:14)
                    at TaskQueue.execute_ (/Users/inzmam/Documents/e2e-istanbul-master/node_modules/selenium-webdriver/lib/promise.js:3084:14)
                    at TaskQueue.executeNext_ (/Users/inzmam/Documents/e2e-istanbul-master/node_modules/selenium-webdriver/lib/promise.js:3067:27)
                    at asyncRun (/Users/inzmam/Documents/e2e-istanbul-master/node_modules/selenium-webdriver/lib/promise.js:2927:27)
                    at /Users/inzmam/Documents/e2e-istanbul-master/node_modules/selenium-webdriver/lib/promise.js:668:7
                    at process._tickCallback (internal/process/next_tick.js:68:7)</stack-trace>
            </failure>
        </test-case>
    </test-cases>
</ns2:test-suite>