<?xml version='1.0'?>
<ns2:test-suite xmlns:ns2='urn:model.allure.qatools.yandex.ru' start='1546789076046' stop='1546789098582'>
    <name>Main page</name>
    <title>Main page</title>
    <test-cases>
        <test-case start='1546789076047' status='failed' stop='1546789088170'>
            <name>should have title of Test Title</name>
            <title>should have title of Test Title</title>
            <labels/>
            <parameters/>
            <steps/>
            <attachments/>
            <failure>
                <message>TypeError: Cannot read property 'createAttachment' of undefined</message>
                <stack-trace>TypeError: Cannot read property 'createAttachment' of undefined
                    at /Users/inzmam/Documents/e2e-istanbul-master/conf.ts:38:16
                    at ManagedPromise.invokeCallback_ (/Users/inzmam/Documents/e2e-istanbul-master/node_modules/selenium-webdriver/lib/promise.js:1376:14)
                    at TaskQueue.execute_ (/Users/inzmam/Documents/e2e-istanbul-master/node_modules/selenium-webdriver/lib/promise.js:3084:14)
                    at TaskQueue.executeNext_ (/Users/inzmam/Documents/e2e-istanbul-master/node_modules/selenium-webdriver/lib/promise.js:3067:27)
                    at asyncRun (/Users/inzmam/Documents/e2e-istanbul-master/node_modules/selenium-webdriver/lib/promise.js:2927:27)
                    at /Users/inzmam/Documents/e2e-istanbul-master/node_modules/selenium-webdriver/lib/promise.js:668:7
                    at process._tickCallback (internal/process/next_tick.js:68:7)</stack-trace>
            </failure>
        </test-case>
        <test-case start='1546789088170' status='failed' stop='1546789098581'>
            <name>should show extra div when clicking on link</name>
            <title>should show extra div when clicking on link</title>
            <labels/>
            <parameters/>
            <steps/>
            <attachments/>
            <failure>
                <message>Failed: Callback must be a function</message>
                <stack-trace>TypeError [ERR_INVALID_CALLBACK]: Callback must be a function
                    at maybeCallback (fs.js:129:9)
                    at Object.writeFile (fs.js:1159:14)
                    at /Users/inzmam/Documents/e2e-istanbul-master/specs/test-spec.ts:26:24
                    at ManagedPromise.invokeCallback_ (/Users/inzmam/Documents/e2e-istanbul-master/node_modules/selenium-webdriver/lib/promise.js:1376:14)
                    at TaskQueue.execute_ (/Users/inzmam/Documents/e2e-istanbul-master/node_modules/selenium-webdriver/lib/promise.js:3084:14)
                    at TaskQueue.executeNext_ (/Users/inzmam/Documents/e2e-istanbul-master/node_modules/selenium-webdriver/lib/promise.js:3067:27)
                    at asyncRun (/Users/inzmam/Documents/e2e-istanbul-master/node_modules/selenium-webdriver/lib/promise.js:2927:27)
                    at /Users/inzmam/Documents/e2e-istanbul-master/node_modules/selenium-webdriver/lib/promise.js:668:7
                    at process._tickCallback (internal/process/next_tick.js:68:7)
                From: Task: Run it("should show extra div when clicking on link") in control flow
                    at UserContext.&lt;anonymous> (/Users/inzmam/Documents/e2e-istanbul-master/node_modules/jasminewd2/index.js:94:19)
                    at attempt (/Users/inzmam/Documents/e2e-istanbul-master/node_modules/protractor/node_modules/jasmine-core/lib/jasmine-core/jasmine.js:4297:26)
                    at QueueRunner.run (/Users/inzmam/Documents/e2e-istanbul-master/node_modules/protractor/node_modules/jasmine-core/lib/jasmine-core/jasmine.js:4217:20)
                    at QueueRunner.execute (/Users/inzmam/Documents/e2e-istanbul-master/node_modules/protractor/node_modules/jasmine-core/lib/jasmine-core/jasmine.js:4199:10)
                    at Spec.queueRunnerFactory (/Users/inzmam/Documents/e2e-istanbul-master/node_modules/protractor/node_modules/jasmine-core/lib/jasmine-core/jasmine.js:909:35)
                    at Spec.execute (/Users/inzmam/Documents/e2e-istanbul-master/node_modules/protractor/node_modules/jasmine-core/lib/jasmine-core/jasmine.js:526:10)
                    at UserContext.fn (/Users/inzmam/Documents/e2e-istanbul-master/node_modules/protractor/node_modules/jasmine-core/lib/jasmine-core/jasmine.js:5340:37)
                    at attempt (/Users/inzmam/Documents/e2e-istanbul-master/node_modules/protractor/node_modules/jasmine-core/lib/jasmine-core/jasmine.js:4297:26)
                    at QueueRunner.run (/Users/inzmam/Documents/e2e-istanbul-master/node_modules/protractor/node_modules/jasmine-core/lib/jasmine-core/jasmine.js:4217:20)
                    at runNext (/Users/inzmam/Documents/e2e-istanbul-master/node_modules/protractor/node_modules/jasmine-core/lib/jasmine-core/jasmine.js:4257:20)
                From asynchronous test: 
                Error
                    at Suite.&lt;anonymous> (/Users/inzmam/Documents/e2e-istanbul-master/specs/test-spec.ts:19:5)
                    at addSpecsToSuite (/Users/inzmam/Documents/e2e-istanbul-master/node_modules/protractor/node_modules/jasmine-core/lib/jasmine-core/jasmine.js:1107:25)
                    at Env.describe (/Users/inzmam/Documents/e2e-istanbul-master/node_modules/protractor/node_modules/jasmine-core/lib/jasmine-core/jasmine.js:1074:7)
                    at describe (/Users/inzmam/Documents/e2e-istanbul-master/node_modules/protractor/node_modules/jasmine-core/lib/jasmine-core/jasmine.js:4399:18)
                    at Object.&lt;anonymous> (/Users/inzmam/Documents/e2e-istanbul-master/specs/test-spec.ts:6:1)
                    at Module._compile (internal/modules/cjs/loader.js:689:30)
                    at Object.Module._extensions..js (internal/modules/cjs/loader.js:700:10)
                    at Module.load (internal/modules/cjs/loader.js:599:32)
                    at tryModuleLoad (internal/modules/cjs/loader.js:538:12)</stack-trace>
            </failure>
        </test-case>
    </test-cases>
</ns2:test-suite>