<?xml version='1.0'?>
<ns2:test-suite xmlns:ns2='urn:model.allure.qatools.yandex.ru' start='1546789287533' stop='1546789308884'>
    <name>Main page</name>
    <title>Main page</title>
    <test-cases>
        <test-case start='1546789287534' status='failed' stop='1546789298625'>
            <name>should have title of Test Title</name>
            <title>should have title of Test Title</title>
            <labels/>
            <parameters/>
            <steps/>
            <attachments/>
            <failure>
                <message>TypeError: Cannot read property 'createAttachment' of undefined</message>
                <stack-trace>TypeError: Cannot read property 'createAttachment' of undefined
                    at /Users/inzmam/Documents/e2e-istanbul-master/conf.ts:38:16
                    at ManagedPromise.invokeCallback_ (/Users/inzmam/Documents/e2e-istanbul-master/node_modules/selenium-webdriver/lib/promise.js:1376:14)
                    at TaskQueue.execute_ (/Users/inzmam/Documents/e2e-istanbul-master/node_modules/selenium-webdriver/lib/promise.js:3084:14)
                    at TaskQueue.executeNext_ (/Users/inzmam/Documents/e2e-istanbul-master/node_modules/selenium-webdriver/lib/promise.js:3067:27)
                    at asyncRun (/Users/inzmam/Documents/e2e-istanbul-master/node_modules/selenium-webdriver/lib/promise.js:2927:27)
                    at /Users/inzmam/Documents/e2e-istanbul-master/node_modules/selenium-webdriver/lib/promise.js:668:7
                    at process._tickCallback (internal/process/next_tick.js:68:7)</stack-trace>
            </failure>
        </test-case>
        <test-case start='1546789298625' status='failed' stop='1546789308883'>
            <name>should show extra div when clicking on link</name>
            <title>should show extra div when clicking on link</title>
            <labels/>
            <parameters/>
            <steps/>
            <attachments/>
            <failure>
                <message>NoSuchSessionError: This driver instance does not have a valid session ID (did you call WebDriver.quit()?) and may no longer be used.</message>
                <stack-trace>NoSuchSessionError: This driver instance does not have a valid session ID (did you call WebDriver.quit()?) and may no longer be used.
                    at session_.flow_.promise (/Users/inzmam/Documents/e2e-istanbul-master/node_modules/selenium-webdriver/lib/webdriver.js:847:16)
                    at new ManagedPromise (/Users/inzmam/Documents/e2e-istanbul-master/node_modules/selenium-webdriver/lib/promise.js:1077:7)
                    at ControlFlow.promise (/Users/inzmam/Documents/e2e-istanbul-master/node_modules/selenium-webdriver/lib/promise.js:2505:12)
                    at promise.finally (/Users/inzmam/Documents/e2e-istanbul-master/node_modules/selenium-webdriver/lib/webdriver.js:846:34)
                    at /Users/inzmam/Documents/e2e-istanbul-master/node_modules/selenium-webdriver/lib/promise.js:1684:12
                    at ManagedPromise.invokeCallback_ (/Users/inzmam/Documents/e2e-istanbul-master/node_modules/selenium-webdriver/lib/promise.js:1376:14)
                    at TaskQueue.execute_ (/Users/inzmam/Documents/e2e-istanbul-master/node_modules/selenium-webdriver/lib/promise.js:3084:14)
                    at TaskQueue.executeNext_ (/Users/inzmam/Documents/e2e-istanbul-master/node_modules/selenium-webdriver/lib/promise.js:3067:27)
                    at asyncRun (/Users/inzmam/Documents/e2e-istanbul-master/node_modules/selenium-webdriver/lib/promise.js:2927:27)
                    at /Users/inzmam/Documents/e2e-istanbul-master/node_modules/selenium-webdriver/lib/promise.js:668:7
                From: Task: WebDriver.takeScreenshot()
                    at thenableWebDriverProxy.schedule (/Users/inzmam/Documents/e2e-istanbul-master/node_modules/selenium-webdriver/lib/webdriver.js:807:17)
                    at thenableWebDriverProxy.takeScreenshot (/Users/inzmam/Documents/e2e-istanbul-master/node_modules/selenium-webdriver/lib/webdriver.js:1085:17)
                    at run (/Users/inzmam/Documents/e2e-istanbul-master/node_modules/protractor/built/browser.js:59:33)
                    at ProtractorBrowser.to.(anonymous function) [as takeScreenshot] (/Users/inzmam/Documents/e2e-istanbul-master/node_modules/protractor/built/browser.js:67:16)
                    at UserContext.&lt;anonymous> (/Users/inzmam/Documents/e2e-istanbul-master/conf.ts:37:15)
                    at attempt (/Users/inzmam/Documents/e2e-istanbul-master/node_modules/protractor/node_modules/jasmine-core/lib/jasmine-core/jasmine.js:4297:26)
                    at QueueRunner.run (/Users/inzmam/Documents/e2e-istanbul-master/node_modules/protractor/node_modules/jasmine-core/lib/jasmine-core/jasmine.js:4217:20)
                    at runNext (/Users/inzmam/Documents/e2e-istanbul-master/node_modules/protractor/node_modules/jasmine-core/lib/jasmine-core/jasmine.js:4257:20)
                    at /Users/inzmam/Documents/e2e-istanbul-master/node_modules/protractor/node_modules/jasmine-core/lib/jasmine-core/jasmine.js:4264:13
                    at /Users/inzmam/Documents/e2e-istanbul-master/node_modules/protractor/node_modules/jasmine-core/lib/jasmine-core/jasmine.js:4172:9</stack-trace>
            </failure>
        </test-case>
    </test-cases>
</ns2:test-suite>